[0.013s] Invoking command in '/home/wia/ros/ros_ws/build/cpp_pubsub': CMAKE_PREFIX_PATH=/opt/ros/galactic /usr/bin/cmake --build /home/wia/ros/ros_ws/build/cpp_pubsub -- -j16 -l16
[0.097s] [100%] Built target talker
[0.107s] Invoked command in '/home/wia/ros/ros_ws/build/cpp_pubsub' returned '0': CMAKE_PREFIX_PATH=/opt/ros/galactic /usr/bin/cmake --build /home/wia/ros/ros_ws/build/cpp_pubsub -- -j16 -l16
[0.134s] Invoking command in '/home/wia/ros/ros_ws/build/cpp_pubsub': CMAKE_PREFIX_PATH=/opt/ros/galactic /usr/bin/cmake --install /home/wia/ros/ros_ws/build/cpp_pubsub
[0.142s] -- Install configuration: ""
[0.143s] -- Up-to-date: /home/wia/ros/ros_ws/install/cpp_pubsub/lib/cpp_pubsub/talker
[0.144s] -- Up-to-date: /home/wia/ros/ros_ws/install/cpp_pubsub/share/ament_index/resource_index/package_run_dependencies/cpp_pubsub
[0.144s] -- Up-to-date: /home/wia/ros/ros_ws/install/cpp_pubsub/share/ament_index/resource_index/parent_prefix_path/cpp_pubsub
[0.144s] -- Up-to-date: /home/wia/ros/ros_ws/install/cpp_pubsub/share/cpp_pubsub/environment/ament_prefix_path.sh
[0.144s] -- Up-to-date: /home/wia/ros/ros_ws/install/cpp_pubsub/share/cpp_pubsub/environment/ament_prefix_path.dsv
[0.144s] -- Up-to-date: /home/wia/ros/ros_ws/install/cpp_pubsub/share/cpp_pubsub/environment/path.sh
[0.144s] -- Up-to-date: /home/wia/ros/ros_ws/install/cpp_pubsub/share/cpp_pubsub/environment/path.dsv
[0.144s] -- Up-to-date: /home/wia/ros/ros_ws/install/cpp_pubsub/share/cpp_pubsub/local_setup.bash
[0.144s] -- Up-to-date: /home/wia/ros/ros_ws/install/cpp_pubsub/share/cpp_pubsub/local_setup.sh
[0.145s] -- Up-to-date: /home/wia/ros/ros_ws/install/cpp_pubsub/share/cpp_pubsub/local_setup.zsh
[0.145s] -- Up-to-date: /home/wia/ros/ros_ws/install/cpp_pubsub/share/cpp_pubsub/local_setup.dsv
[0.145s] -- Installing: /home/wia/ros/ros_ws/install/cpp_pubsub/share/cpp_pubsub/package.dsv
[0.145s] -- Up-to-date: /home/wia/ros/ros_ws/install/cpp_pubsub/share/ament_index/resource_index/packages/cpp_pubsub
[0.145s] -- Up-to-date: /home/wia/ros/ros_ws/install/cpp_pubsub/share/cpp_pubsub/cmake/cpp_pubsubConfig.cmake
[0.145s] -- Up-to-date: /home/wia/ros/ros_ws/install/cpp_pubsub/share/cpp_pubsub/cmake/cpp_pubsubConfig-version.cmake
[0.145s] -- Up-to-date: /home/wia/ros/ros_ws/install/cpp_pubsub/share/cpp_pubsub/package.xml
[0.147s] Invoked command in '/home/wia/ros/ros_ws/build/cpp_pubsub' returned '0': CMAKE_PREFIX_PATH=/opt/ros/galactic /usr/bin/cmake --install /home/wia/ros/ros_ws/build/cpp_pubsub
