[0.011s] Invoking command in '/home/wia/ros/ros_ws/build/cpp_pubsub': CMAKE_PREFIX_PATH=/opt/ros/galactic /usr/bin/cmake /home/wia/ros/ros_ws/src/cpp_pubsub -DCMAKE_INSTALL_PREFIX=/home/wia/ros/ros_ws/install/cpp_pubsub
[0.063s] -- The C compiler identification is GNU 9.4.0
[0.112s] -- The CXX compiler identification is GNU 9.4.0
[0.115s] -- Check for working C compiler: /usr/bin/cc
[0.167s] -- Check for working C compiler: /usr/bin/cc -- works
[0.168s] -- Detecting C compiler ABI info
[0.221s] -- Detecting C compiler ABI info - done
[0.230s] -- Detecting C compile features
[0.230s] -- Detecting C compile features - done
[0.232s] -- Check for working CXX compiler: /usr/bin/c++
[0.313s] -- Check for working CXX compiler: /usr/bin/c++ -- works
[0.315s] -- Detecting CXX compiler ABI info
[0.383s] -- Detecting CXX compiler ABI info - done
[0.390s] -- Detecting CXX compile features
[0.391s] -- Detecting CXX compile features - done
[0.394s] -- Found ament_cmake: 1.1.6 (/opt/ros/galactic/share/ament_cmake/cmake)
[0.424s] -- Found PythonInterp: /usr/bin/python3 (found suitable version "3.8.10", minimum required is "3") 
[0.424s] -- Using PYTHON_EXECUTABLE: /usr/bin/python3
[0.500s] -- Found rclcpp: 9.2.2 (/opt/ros/galactic/share/rclcpp/cmake)
[0.548s] -- Using all available rosidl_typesupport_c: rosidl_typesupport_fastrtps_c;rosidl_typesupport_introspection_c
[0.556s] -- Found rosidl_adapter: 2.2.3 (/opt/ros/galactic/share/rosidl_adapter/cmake)
[0.623s] -- Found OpenSSL: /usr/lib/x86_64-linux-gnu/libcrypto.so (found version "1.1.1f")  
[0.652s] -- Found FastRTPS: /opt/ros/galactic/include  
[0.731s] -- Using all available rosidl_typesupport_cpp: rosidl_typesupport_fastrtps_cpp;rosidl_typesupport_introspection_cpp
[0.785s] -- Found rmw_implementation_cmake: 3.3.1 (/opt/ros/galactic/share/rmw_implementation_cmake/cmake)
[0.788s] -- Found rmw_cyclonedds_cpp: 0.22.6 (/opt/ros/galactic/share/rmw_cyclonedds_cpp/cmake)
[0.804s] -- Using RMW implementation 'rmw_cyclonedds_cpp' as default
[0.805s] -- Looking for pthread.h
[0.865s] -- Looking for pthread.h - found
[0.865s] -- Performing Test CMAKE_HAVE_LIBC_PTHREAD
[0.929s] -- Performing Test CMAKE_HAVE_LIBC_PTHREAD - Failed
[0.930s] -- Looking for pthread_create in pthreads
[0.978s] -- Looking for pthread_create in pthreads - not found
[0.978s] -- Looking for pthread_create in pthread
[1.032s] -- Looking for pthread_create in pthread - found
[1.033s] -- Found Threads: TRUE  
[1.231s] -- Configuring done
[1.231s] CMake Error at CMakeLists.txt:17 (add_executable):
[1.231s]   Cannot find source file:
[1.232s] 
[1.232s]     src/minimal_publisher.cpp
[1.232s] 
[1.232s]   Tried extensions .c .C .c++ .cc .cpp .cxx .cu .m .M .mm .h .hh .h++ .hm
[1.232s]   .hpp .hxx .in .txx
[1.232s] 
[1.232s] 
[1.232s] CMake Error at CMakeLists.txt:17 (add_executable):
[1.232s]   No SOURCES given to target: talker
[1.232s] 
[1.232s] 
[1.232s] CMake Generate step failed.  Build files cannot be regenerated correctly.
[1.239s] Invoked command in '/home/wia/ros/ros_ws/build/cpp_pubsub' returned '1': CMAKE_PREFIX_PATH=/opt/ros/galactic /usr/bin/cmake /home/wia/ros/ros_ws/src/cpp_pubsub -DCMAKE_INSTALL_PREFIX=/home/wia/ros/ros_ws/install/cpp_pubsub
