[0.013s] Invoking command in '/home/wia/ros/ros_ws/build/cpp_pubsub': CMAKE_PREFIX_PATH=/opt/ros/galactic /usr/bin/cmake --build /home/wia/ros/ros_ws/build/cpp_pubsub -- -j16 -l16
[0.048s] -- Found ament_cmake: 1.1.6 (/opt/ros/galactic/share/ament_cmake/cmake)
[0.067s] -- Using PYTHON_EXECUTABLE: /usr/bin/python3
[0.121s] -- Found rclcpp: 9.2.2 (/opt/ros/galactic/share/rclcpp/cmake)
[0.149s] -- Using all available rosidl_typesupport_c: rosidl_typesupport_fastrtps_c;rosidl_typesupport_introspection_c
[0.152s] -- Found rosidl_adapter: 2.2.3 (/opt/ros/galactic/share/rosidl_adapter/cmake)
[0.267s] -- Using all available rosidl_typesupport_cpp: rosidl_typesupport_fastrtps_cpp;rosidl_typesupport_introspection_cpp
[0.310s] -- Found rmw_implementation_cmake: 3.3.1 (/opt/ros/galactic/share/rmw_implementation_cmake/cmake)
[0.311s] -- Found rmw_cyclonedds_cpp: 0.22.6 (/opt/ros/galactic/share/rmw_cyclonedds_cpp/cmake)
[0.326s] -- Using RMW implementation 'rmw_cyclonedds_cpp' as default
[0.492s] -- Configuring done
[0.502s] -- Generating done
[0.503s] -- Build files have been written to: /home/wia/ros/ros_ws/build/cpp_pubsub
[0.521s] [35m[1mScanning dependencies of target custom_talker[0m
[0.535s] [ 50%] Built target talker
[0.550s] [ 75%] [32mBuilding CXX object CMakeFiles/custom_talker.dir/src/custom_node.cpp.o[0m
[1.983s] [01m[K/home/wia/ros/ros_ws/src/cpp_pubsub/src/custom_node.cpp:[m[K In constructor ‘[01m[KCustomNode::CustomNode()[m[K’:
[1.983s] [01m[K/home/wia/ros/ros_ws/src/cpp_pubsub/src/custom_node.cpp:9:57:[m[K [01;31m[Kerror: [m[Kinvalid use of non-static member function ‘[01m[Kvoid CustomNode::timer_callback()[m[K’
[1.983s]     9 |       timer_ = this->create_wall_timer(500ms, std::bind([01;31m[Ktimer_callback[m[K, this));
[1.983s]       |                                                         [01;31m[K^~~~~~~~~~~~~~[m[K
[1.983s] [01m[K/home/wia/ros/ros_ws/src/cpp_pubsub/src/custom_node.cpp:13:10:[m[K [01;36m[Knote: [m[Kdeclared here
[1.983s]    13 |     void [01;36m[Ktimer_callback[m[K() {
[1.983s]       |          [01;36m[K^~~~~~~~~~~~~~[m[K
[2.852s] make[2]: *** [CMakeFiles/custom_talker.dir/build.make:63: CMakeFiles/custom_talker.dir/src/custom_node.cpp.o] Error 1
[2.852s] make[1]: *** [CMakeFiles/Makefile2:80: CMakeFiles/custom_talker.dir/all] Error 2
[2.852s] make: *** [Makefile:141: all] Error 2
[2.854s] Invoked command in '/home/wia/ros/ros_ws/build/cpp_pubsub' returned '2': CMAKE_PREFIX_PATH=/opt/ros/galactic /usr/bin/cmake --build /home/wia/ros/ros_ws/build/cpp_pubsub -- -j16 -l16
