[0.012s] Invoking command in '/home/wia/ros/ros_ws/build/cpp_pubsub': CMAKE_PREFIX_PATH=/opt/ros/galactic /usr/bin/cmake --build /home/wia/ros/ros_ws/build/cpp_pubsub -- -j16 -l16
[0.041s] -- Found ament_cmake: 1.1.6 (/opt/ros/galactic/share/ament_cmake/cmake)
[0.057s] -- Using PYTHON_EXECUTABLE: /usr/bin/python3
[0.117s] -- Found rclcpp: 9.2.2 (/opt/ros/galactic/share/rclcpp/cmake)
[0.171s] -- Using all available rosidl_typesupport_c: rosidl_typesupport_fastrtps_c;rosidl_typesupport_introspection_c
[0.175s] -- Found rosidl_adapter: 2.2.3 (/opt/ros/galactic/share/rosidl_adapter/cmake)
[0.288s] -- Using all available rosidl_typesupport_cpp: rosidl_typesupport_fastrtps_cpp;rosidl_typesupport_introspection_cpp
[0.336s] -- Found rmw_implementation_cmake: 3.3.1 (/opt/ros/galactic/share/rmw_implementation_cmake/cmake)
[0.337s] -- Found rmw_cyclonedds_cpp: 0.22.6 (/opt/ros/galactic/share/rmw_cyclonedds_cpp/cmake)
[0.352s] -- Using RMW implementation 'rmw_cyclonedds_cpp' as default
[0.528s] -- Configuring done
[0.537s] -- Generating done
[0.538s] -- Build files have been written to: /home/wia/ros/ros_ws/build/cpp_pubsub
[0.560s] [35m[1mScanning dependencies of target custom_listener[0m
[0.568s] [ 16%] [32mBuilding CXX object CMakeFiles/custom_listener.dir/src/subscriber_custom_node.cpp.o[0m
[0.572s] [ 50%] Built target talker
[0.572s] [ 83%] Built target custom_talker
[5.862s] [100%] [32m[1mLinking CXX executable custom_listener[0m
[6.114s] [100%] Built target custom_listener
[6.128s] Invoked command in '/home/wia/ros/ros_ws/build/cpp_pubsub' returned '0': CMAKE_PREFIX_PATH=/opt/ros/galactic /usr/bin/cmake --build /home/wia/ros/ros_ws/build/cpp_pubsub -- -j16 -l16
[6.156s] Invoking command in '/home/wia/ros/ros_ws/build/cpp_pubsub': CMAKE_PREFIX_PATH=/opt/ros/galactic /usr/bin/cmake --install /home/wia/ros/ros_ws/build/cpp_pubsub
[6.162s] -- Install configuration: ""
[6.162s] -- Up-to-date: /home/wia/ros/ros_ws/install/cpp_pubsub/lib/cpp_pubsub/talker
[6.162s] -- Installing: /home/wia/ros/ros_ws/install/cpp_pubsub/lib/cpp_pubsub/custom_talker
[6.163s] -- Set runtime path of "/home/wia/ros/ros_ws/install/cpp_pubsub/lib/cpp_pubsub/custom_talker" to ""
[6.163s] -- Installing: /home/wia/ros/ros_ws/install/cpp_pubsub/lib/cpp_pubsub/custom_listener
[6.165s] -- Set runtime path of "/home/wia/ros/ros_ws/install/cpp_pubsub/lib/cpp_pubsub/custom_listener" to ""
[6.165s] -- Up-to-date: /home/wia/ros/ros_ws/install/cpp_pubsub/share/ament_index/resource_index/package_run_dependencies/cpp_pubsub
[6.166s] -- Up-to-date: /home/wia/ros/ros_ws/install/cpp_pubsub/share/ament_index/resource_index/parent_prefix_path/cpp_pubsub
[6.166s] -- Up-to-date: /home/wia/ros/ros_ws/install/cpp_pubsub/share/cpp_pubsub/environment/ament_prefix_path.sh
[6.166s] -- Installing: /home/wia/ros/ros_ws/install/cpp_pubsub/share/cpp_pubsub/environment/ament_prefix_path.dsv
[6.166s] -- Up-to-date: /home/wia/ros/ros_ws/install/cpp_pubsub/share/cpp_pubsub/environment/path.sh
[6.166s] -- Installing: /home/wia/ros/ros_ws/install/cpp_pubsub/share/cpp_pubsub/environment/path.dsv
[6.166s] -- Up-to-date: /home/wia/ros/ros_ws/install/cpp_pubsub/share/cpp_pubsub/local_setup.bash
[6.166s] -- Up-to-date: /home/wia/ros/ros_ws/install/cpp_pubsub/share/cpp_pubsub/local_setup.sh
[6.166s] -- Up-to-date: /home/wia/ros/ros_ws/install/cpp_pubsub/share/cpp_pubsub/local_setup.zsh
[6.166s] -- Installing: /home/wia/ros/ros_ws/install/cpp_pubsub/share/cpp_pubsub/local_setup.dsv
[6.166s] -- Installing: /home/wia/ros/ros_ws/install/cpp_pubsub/share/cpp_pubsub/package.dsv
[6.166s] -- Up-to-date: /home/wia/ros/ros_ws/install/cpp_pubsub/share/ament_index/resource_index/packages/cpp_pubsub
[6.166s] -- Up-to-date: /home/wia/ros/ros_ws/install/cpp_pubsub/share/cpp_pubsub/cmake/cpp_pubsubConfig.cmake
[6.166s] -- Up-to-date: /home/wia/ros/ros_ws/install/cpp_pubsub/share/cpp_pubsub/cmake/cpp_pubsubConfig-version.cmake
[6.166s] -- Up-to-date: /home/wia/ros/ros_ws/install/cpp_pubsub/share/cpp_pubsub/package.xml
[6.167s] Invoked command in '/home/wia/ros/ros_ws/build/cpp_pubsub' returned '0': CMAKE_PREFIX_PATH=/opt/ros/galactic /usr/bin/cmake --install /home/wia/ros/ros_ws/build/cpp_pubsub
