[0.012s] Invoking command in '/home/wia/ros/ros_ws/build/cpp_pubsub': CMAKE_PREFIX_PATH=/opt/ros/galactic /usr/bin/cmake /home/wia/ros/ros_ws/src/cpp_pubsub -DCMAKE_INSTALL_PREFIX=/home/wia/ros/ros_ws/install/cpp_pubsub
[0.057s] -- The C compiler identification is GNU 9.4.0
[0.110s] -- The CXX compiler identification is GNU 9.4.0
[0.114s] -- Check for working C compiler: /usr/bin/cc
[0.168s] -- Check for working C compiler: /usr/bin/cc -- works
[0.169s] -- Detecting C compiler ABI info
[0.216s] -- Detecting C compiler ABI info - done
[0.224s] -- Detecting C compile features
[0.225s] -- Detecting C compile features - done
[0.227s] -- Check for working CXX compiler: /usr/bin/c++
[0.296s] -- Check for working CXX compiler: /usr/bin/c++ -- works
[0.297s] -- Detecting CXX compiler ABI info
[0.355s] -- Detecting CXX compiler ABI info - done
[0.363s] -- Detecting CXX compile features
[0.363s] -- Detecting CXX compile features - done
[0.367s] -- Found ament_cmake: 1.1.6 (/opt/ros/galactic/share/ament_cmake/cmake)
[0.387s] -- Found PythonInterp: /usr/bin/python3 (found suitable version "3.8.10", minimum required is "3") 
[0.387s] -- Using PYTHON_EXECUTABLE: /usr/bin/python3
[0.455s] CMake Error at /opt/ros/galactic/share/ament_cmake_target_dependencies/cmake/ament_target_dependencies.cmake:77 (message):
[0.455s]   ament_target_dependencies() the passed package name 'rclcpp' was not found
[0.455s]   before
[0.455s] Call Stack (most recent call first):
[0.455s]   CMakeLists.txt:20 (ament_target_dependencies)
[0.455s] 
[0.455s] 
[0.456s] -- Configuring incomplete, errors occurred!
[0.456s] See also "/home/wia/ros/ros_ws/build/cpp_pubsub/CMakeFiles/CMakeOutput.log".
[0.459s] Invoked command in '/home/wia/ros/ros_ws/build/cpp_pubsub' returned '1': CMAKE_PREFIX_PATH=/opt/ros/galactic /usr/bin/cmake /home/wia/ros/ros_ws/src/cpp_pubsub -DCMAKE_INSTALL_PREFIX=/home/wia/ros/ros_ws/install/cpp_pubsub
