[35m[1mScanning dependencies of target custom_talker[0m
[ 50%] Built target talker
[ 75%] [32mBuilding CXX object CMakeFiles/custom_talker.dir/src/custom_node.cpp.o[0m
[100%] [32m[1mLinking CXX executable custom_talker[0m
[100%] Built target custom_talker
-- Install configuration: ""
-- Up-to-date: /home/wia/ros/ros_ws/install/cpp_pubsub/lib/cpp_pubsub/talker
-- Installing: /home/wia/ros/ros_ws/install/cpp_pubsub/lib/cpp_pubsub/custom_talker
-- Set runtime path of "/home/wia/ros/ros_ws/install/cpp_pubsub/lib/cpp_pubsub/custom_talker" to ""
-- Up-to-date: /home/wia/ros/ros_ws/install/cpp_pubsub/share/ament_index/resource_index/package_run_dependencies/cpp_pubsub
-- Up-to-date: /home/wia/ros/ros_ws/install/cpp_pubsub/share/ament_index/resource_index/parent_prefix_path/cpp_pubsub
-- Up-to-date: /home/wia/ros/ros_ws/install/cpp_pubsub/share/cpp_pubsub/environment/ament_prefix_path.sh
-- Up-to-date: /home/wia/ros/ros_ws/install/cpp_pubsub/share/cpp_pubsub/environment/ament_prefix_path.dsv
-- Up-to-date: /home/wia/ros/ros_ws/install/cpp_pubsub/share/cpp_pubsub/environment/path.sh
-- Up-to-date: /home/wia/ros/ros_ws/install/cpp_pubsub/share/cpp_pubsub/environment/path.dsv
-- Up-to-date: /home/wia/ros/ros_ws/install/cpp_pubsub/share/cpp_pubsub/local_setup.bash
-- Up-to-date: /home/wia/ros/ros_ws/install/cpp_pubsub/share/cpp_pubsub/local_setup.sh
-- Up-to-date: /home/wia/ros/ros_ws/install/cpp_pubsub/share/cpp_pubsub/local_setup.zsh
-- Up-to-date: /home/wia/ros/ros_ws/install/cpp_pubsub/share/cpp_pubsub/local_setup.dsv
-- Installing: /home/wia/ros/ros_ws/install/cpp_pubsub/share/cpp_pubsub/package.dsv
-- Up-to-date: /home/wia/ros/ros_ws/install/cpp_pubsub/share/ament_index/resource_index/packages/cpp_pubsub
-- Up-to-date: /home/wia/ros/ros_ws/install/cpp_pubsub/share/cpp_pubsub/cmake/cpp_pubsubConfig.cmake
-- Up-to-date: /home/wia/ros/ros_ws/install/cpp_pubsub/share/cpp_pubsub/cmake/cpp_pubsubConfig-version.cmake
-- Up-to-date: /home/wia/ros/ros_ws/install/cpp_pubsub/share/cpp_pubsub/package.xml
