-- Found ament_cmake: 1.1.6 (/opt/ros/galactic/share/ament_cmake/cmake)
-- Using PYTHON_EXECUTABLE: /usr/bin/python3
-- Found rclcpp: 9.2.2 (/opt/ros/galactic/share/rclcpp/cmake)
-- Using all available rosidl_typesupport_c: rosidl_typesupport_fastrtps_c;rosidl_typesupport_introspection_c
-- Found rosidl_adapter: 2.2.3 (/opt/ros/galactic/share/rosidl_adapter/cmake)
-- Using all available rosidl_typesupport_cpp: rosidl_typesupport_fastrtps_cpp;rosidl_typesupport_introspection_cpp
-- Found rmw_implementation_cmake: 3.3.1 (/opt/ros/galactic/share/rmw_implementation_cmake/cmake)
-- Found rmw_cyclonedds_cpp: 0.22.6 (/opt/ros/galactic/share/rmw_cyclonedds_cpp/cmake)
-- Using RMW implementation 'rmw_cyclonedds_cpp' as default
-- Configuring done
-- Generating done
-- Build files have been written to: /home/wia/ros/ros_ws/build/cpp_pubsub
[35m[1mScanning dependencies of target custom_listener[0m
[35m[1mScanning dependencies of target custom_talker[0m
[ 16%] [32mBuilding CXX object CMakeFiles/custom_listener.dir/src/subscriber_custom_node.cpp.o[0m
[ 50%] Built target talker
[01m[K/home/wia/ros/ros_ws/src/cpp_pubsub/src/subscriber_custom_node.cpp:1:10:[m[K [01;31m[Kfatal error: [m[Krclcpp/rclcpp.hpp: No such file or directory
    1 | #include [01;31m[K"rclcpp/rclcpp.hpp"[m[K
      |          [01;31m[K^~~~~~~~~~~~~~~~~~~[m[K
compilation terminated.
make[2]: *** [CMakeFiles/custom_listener.dir/build.make:63: CMakeFiles/custom_listener.dir/src/subscriber_custom_node.cpp.o] Error 1
make[1]: *** [CMakeFiles/Makefile2:82: CMakeFiles/custom_listener.dir/all] Error 2
make[1]: *** Waiting for unfinished jobs....
[ 66%] [32mBuilding CXX object CMakeFiles/custom_talker.dir/src/publisher_custom_node.cpp.o[0m
[ 83%] [32m[1mLinking CXX executable custom_talker[0m
[ 83%] Built target custom_talker
make: *** [Makefile:141: all] Error 2
