[0.012s] Invoking command in '/home/wia/ros/ros_ws/build/cpp_pubsub': CMAKE_PREFIX_PATH=/opt/ros/galactic /usr/bin/cmake --build /home/wia/ros/ros_ws/build/cpp_pubsub -- -j16 -l16
[0.048s] -- Found ament_cmake: 1.1.6 (/opt/ros/galactic/share/ament_cmake/cmake)
[0.067s] -- Using PYTHON_EXECUTABLE: /usr/bin/python3
[0.131s] -- Found rclcpp: 9.2.2 (/opt/ros/galactic/share/rclcpp/cmake)
[0.188s] -- Using all available rosidl_typesupport_c: rosidl_typesupport_fastrtps_c;rosidl_typesupport_introspection_c
[0.192s] -- Found rosidl_adapter: 2.2.3 (/opt/ros/galactic/share/rosidl_adapter/cmake)
[0.316s] -- Using all available rosidl_typesupport_cpp: rosidl_typesupport_fastrtps_cpp;rosidl_typesupport_introspection_cpp
[0.358s] -- Found rmw_implementation_cmake: 3.3.1 (/opt/ros/galactic/share/rmw_implementation_cmake/cmake)
[0.359s] -- Found rmw_cyclonedds_cpp: 0.22.6 (/opt/ros/galactic/share/rmw_cyclonedds_cpp/cmake)
[0.373s] -- Using RMW implementation 'rmw_cyclonedds_cpp' as default
[0.561s] -- Configuring done
[0.571s] -- Generating done
[0.572s] -- Build files have been written to: /home/wia/ros/ros_ws/build/cpp_pubsub
[0.590s] [35m[1mScanning dependencies of target custom_listener[0m
[0.591s] [35m[1mScanning dependencies of target custom_talker[0m
[0.598s] [ 16%] [32mBuilding CXX object CMakeFiles/custom_listener.dir/src/subscriber_custom_node.cpp.o[0m
[0.603s] [ 50%] Built target talker
[0.604s] [01m[K/home/wia/ros/ros_ws/src/cpp_pubsub/src/subscriber_custom_node.cpp:1:10:[m[K [01;31m[Kfatal error: [m[Krclcpp/rclcpp.hpp: No such file or directory
[0.604s]     1 | #include [01;31m[K"rclcpp/rclcpp.hpp"[m[K
[0.605s]       |          [01;31m[K^~~~~~~~~~~~~~~~~~~[m[K
[0.605s] compilation terminated.
[0.605s] make[2]: *** [CMakeFiles/custom_listener.dir/build.make:63: CMakeFiles/custom_listener.dir/src/subscriber_custom_node.cpp.o] Error 1
[0.605s] make[1]: *** [CMakeFiles/Makefile2:82: CMakeFiles/custom_listener.dir/all] Error 2
[0.605s] make[1]: *** Waiting for unfinished jobs....
[0.614s] [ 66%] [32mBuilding CXX object CMakeFiles/custom_talker.dir/src/publisher_custom_node.cpp.o[0m
[3.810s] [ 83%] [32m[1mLinking CXX executable custom_talker[0m
[3.952s] [ 83%] Built target custom_talker
[3.953s] make: *** [Makefile:141: all] Error 2
[3.955s] Invoked command in '/home/wia/ros/ros_ws/build/cpp_pubsub' returned '2': CMAKE_PREFIX_PATH=/opt/ros/galactic /usr/bin/cmake --build /home/wia/ros/ros_ws/build/cpp_pubsub -- -j16 -l16
