[0.012s] Invoking command in '/home/wia/ros/ros_ws/build/cpp_pubsub': CMAKE_PREFIX_PATH=/opt/ros/galactic /usr/bin/cmake /home/wia/ros/ros_ws/src/cpp_pubsub -DCMAKE_INSTALL_PREFIX=/home/wia/ros/ros_ws/install/cpp_pubsub
[0.054s] -- The C compiler identification is GNU 9.4.0
[0.098s] -- The CXX compiler identification is GNU 9.4.0
[0.102s] -- Check for working C compiler: /usr/bin/cc
[0.157s] -- Check for working C compiler: /usr/bin/cc -- works
[0.158s] -- Detecting C compiler ABI info
[0.210s] -- Detecting C compiler ABI info - done
[0.219s] -- Detecting C compile features
[0.219s] -- Detecting C compile features - done
[0.220s] -- Check for working CXX compiler: /usr/bin/c++
[0.277s] -- Check for working CXX compiler: /usr/bin/c++ -- works
[0.278s] -- Detecting CXX compiler ABI info
[0.336s] -- Detecting CXX compiler ABI info - done
[0.345s] -- Detecting CXX compile features
[0.345s] -- Detecting CXX compile features - done
[0.349s] -- Found ament_cmake: 1.1.6 (/opt/ros/galactic/share/ament_cmake/cmake)
[0.369s] -- Found PythonInterp: /usr/bin/python3 (found suitable version "3.8.10", minimum required is "3") 
[0.369s] -- Using PYTHON_EXECUTABLE: /usr/bin/python3
[0.439s] CMake Error at /opt/ros/galactic/share/ament_cmake_target_dependencies/cmake/ament_target_dependencies.cmake:77 (message):
[0.439s]   ament_target_dependencies() the passed package name 'rclcpp' was not found
[0.439s]   before
[0.439s] Call Stack (most recent call first):
[0.439s]   CMakeLists.txt:20 (ament_target_dependencies)
[0.439s] 
[0.439s] 
[0.439s] -- Configuring incomplete, errors occurred!
[0.439s] See also "/home/wia/ros/ros_ws/build/cpp_pubsub/CMakeFiles/CMakeOutput.log".
[0.442s] Invoked command in '/home/wia/ros/ros_ws/build/cpp_pubsub' returned '1': CMAKE_PREFIX_PATH=/opt/ros/galactic /usr/bin/cmake /home/wia/ros/ros_ws/src/cpp_pubsub -DCMAKE_INSTALL_PREFIX=/home/wia/ros/ros_ws/install/cpp_pubsub
